running egg_info
creating ../../build/octopus/octopus.egg-info
writing ../../build/octopus/octopus.egg-info/PKG-INFO
writing dependency_links to ../../build/octopus/octopus.egg-info/dependency_links.txt
writing entry points to ../../build/octopus/octopus.egg-info/entry_points.txt
writing requirements to ../../build/octopus/octopus.egg-info/requires.txt
writing top-level names to ../../build/octopus/octopus.egg-info/top_level.txt
writing manifest file '../../build/octopus/octopus.egg-info/SOURCES.txt'
reading manifest file '../../build/octopus/octopus.egg-info/SOURCES.txt'
adding license file 'LICENSE'
writing manifest file '../../build/octopus/octopus.egg-info/SOURCES.txt'
running build
running build_py
creating /root/ROS2_ROBOTIC_ARM/ros2_ws/build/octopus/build
creating /root/ROS2_ROBOTIC_ARM/ros2_ws/build/octopus/build/lib
creating /root/ROS2_ROBOTIC_ARM/ros2_ws/build/octopus/build/lib/octopus
copying octopus/my_node.py -> /root/ROS2_ROBOTIC_ARM/ros2_ws/build/octopus/build/lib/octopus
copying octopus/__init__.py -> /root/ROS2_ROBOTIC_ARM/ros2_ws/build/octopus/build/lib/octopus
running install
running install_lib
creating /root/ROS2_ROBOTIC_ARM/ros2_ws/install/octopus/lib/python3.12/site-packages/octopus
copying /root/ROS2_ROBOTIC_ARM/ros2_ws/build/octopus/build/lib/octopus/my_node.py -> /root/ROS2_ROBOTIC_ARM/ros2_ws/install/octopus/lib/python3.12/site-packages/octopus
copying /root/ROS2_ROBOTIC_ARM/ros2_ws/build/octopus/build/lib/octopus/__init__.py -> /root/ROS2_ROBOTIC_ARM/ros2_ws/install/octopus/lib/python3.12/site-packages/octopus
byte-compiling /root/ROS2_ROBOTIC_ARM/ros2_ws/install/octopus/lib/python3.12/site-packages/octopus/my_node.py to my_node.cpython-312.pyc
byte-compiling /root/ROS2_ROBOTIC_ARM/ros2_ws/install/octopus/lib/python3.12/site-packages/octopus/__init__.py to __init__.cpython-312.pyc
running install_data
creating /root/ROS2_ROBOTIC_ARM/ros2_ws/install/octopus/share/ament_index
creating /root/ROS2_ROBOTIC_ARM/ros2_ws/install/octopus/share/ament_index/resource_index
creating /root/ROS2_ROBOTIC_ARM/ros2_ws/install/octopus/share/ament_index/resource_index/packages
copying resource/octopus -> /root/ROS2_ROBOTIC_ARM/ros2_ws/install/octopus/share/ament_index/resource_index/packages
copying package.xml -> /root/ROS2_ROBOTIC_ARM/ros2_ws/install/octopus/share/octopus
running install_egg_info
Copying ../../build/octopus/octopus.egg-info to /root/ROS2_ROBOTIC_ARM/ros2_ws/install/octopus/lib/python3.12/site-packages/octopus-0.0.0-py3.12.egg-info
running install_scripts
Installing my_node script to /root/ROS2_ROBOTIC_ARM/ros2_ws/install/octopus/lib/octopus
writing list of installed files to '/root/ROS2_ROBOTIC_ARM/ros2_ws/build/octopus/install.log'
